<?xml version="1.0" encoding="UTF-8"?>
<testsuite name="com.example.controller.NoteControllerTest" tests="7" skipped="0" failures="0" errors="0" timestamp="2025-09-22T18:40:59.672Z" hostname="TaReN" time="0.408">
  <properties/>
  <testcase name="testGetNoteById()" classname="com.example.controller.NoteControllerTest" time="0.278"/>
  <testcase name="testUpdateNote()" classname="com.example.controller.NoteControllerTest" time="0.063"/>
  <testcase name="testListAllNotes()" classname="com.example.controller.NoteControllerTest" time="0.025"/>
  <testcase name="testCreateNote()" classname="com.example.controller.NoteControllerTest" time="0.009"/>
  <testcase name="testDeleteNote()" classname="com.example.controller.NoteControllerTest" time="0.007"/>
  <testcase name="testShowCreateForm()" classname="com.example.controller.NoteControllerTest" time="0.009"/>
  <testcase name="testShowEditForm()" classname="com.example.controller.NoteControllerTest" time="0.009"/>
  <system-out><![CDATA[18:40:57.675 [Test worker] INFO org.springframework.test.context.support.AnnotationConfigContextLoaderUtils -- Could not detect default configuration classes for test class [com.example.controller.NoteControllerTest]: NoteControllerTest does not declare any static, non-private, non-final, nested classes annotated with @Configuration.
18:40:57.773 [Test worker] INFO org.springframework.boot.test.context.SpringBootTestContextBootstrapper -- Found @SpringBootConfiguration com.example.Module19DevApplication for test class com.example.controller.NoteControllerTest

  .   ____          _            __ _ _
 /\\ / ___'_ __ _ _(_)_ __  __ _ \ \ \ \
( ( )\___ | '_ | '_| | '_ \/ _` | \ \ \ \
 \\/  ___)| |_)| | | | | || (_| |  ) ) ) )
  '  |____| .__|_| |_|_| |_\__, | / / / /
 =========|_|==============|___/=/_/_/_/

 :: Spring Boot ::                (v3.5.5)

2025-09-22T18:40:58.037Z  INFO 25158 --- [Module19-Dev] [    Test worker] c.example.controller.NoteControllerTest  : Starting NoteControllerTest using Java 21.0.7 with PID 25158 (started by den in /home/den/IdeaProjects/Module19-Dev)
2025-09-22T18:40:58.038Z  INFO 25158 --- [Module19-Dev] [    Test worker] c.example.controller.NoteControllerTest  : No active profile set, falling back to 1 default profile: "default"
2025-09-22T18:40:59.537Z  WARN 25158 --- [Module19-Dev] [    Test worker] .s.s.UserDetailsServiceAutoConfiguration : 

Using generated security password: ba512678-ee45-4644-af10-9ebd0064fe86

This generated password is for development use only. Your security configuration must be updated before running your application in production.

2025-09-22T18:40:59.543Z  INFO 25158 --- [Module19-Dev] [    Test worker] r$InitializeUserDetailsManagerConfigurer : Global AuthenticationManager configured with UserDetailsService bean with name inMemoryUserDetailsManager
2025-09-22T18:40:59.645Z  INFO 25158 --- [Module19-Dev] [    Test worker] o.s.b.t.m.w.SpringBootMockServletContext : Initializing Spring TestDispatcherServlet ''
2025-09-22T18:40:59.646Z  INFO 25158 --- [Module19-Dev] [    Test worker] o.s.t.web.servlet.TestDispatcherServlet  : Initializing Servlet ''
2025-09-22T18:40:59.647Z  INFO 25158 --- [Module19-Dev] [    Test worker] o.s.t.web.servlet.TestDispatcherServlet  : Completed initialization in 1 ms
2025-09-22T18:40:59.667Z  INFO 25158 --- [Module19-Dev] [    Test worker] c.example.controller.NoteControllerTest  : Started NoteControllerTest in 1.85 seconds (process running for 2.521)
]]></system-out>
  <system-err><![CDATA[Mockito is currently self-attaching to enable the inline-mock-maker. This will no longer work in future releases of the JDK. Please add Mockito as an agent to your build as described in Mockito's documentation: https://javadoc.io/doc/org.mockito/mockito-core/latest/org.mockito/org/mockito/Mockito.html#0.3
WARNING: A Java agent has been loaded dynamically (/home/den/.gradle/caches/modules-2/files-2.1/net.bytebuddy/byte-buddy-agent/1.17.7/fbf3d6d649ed37fc9e9c59480a05be0a26e3c2da/byte-buddy-agent-1.17.7.jar)
WARNING: If a serviceability tool is in use, please run with -XX:+EnableDynamicAgentLoading to hide this warning
WARNING: If a serviceability tool is not in use, please run with -Djdk.instrument.traceUsage for more information
WARNING: Dynamic loading of agents will be disallowed by default in a future release
]]></system-err>
</testsuite>
